0 verbose cli C:\Program Files\nodejs\node.exe C:\Program Files\nodejs\node_modules\npm\bin\npm-cli.js
1 info using npm@11.9.0
2 info using node@v24.14.0
3 silly config load:file:C:\Program Files\nodejs\node_modules\npm\npmrc
4 silly config load:file:C:\Users\BJ\OneDrive\Desktop\TxRacs LLC\.npmrc
5 silly config load:file:C:\Users\BJ\.npmrc
6 silly config load:file:C:\Users\BJ\AppData\Roaming\npm\etc\npmrc
7 verbose title npm install
8 verbose argv "install" "--no-audit" "--no-fund" "--loglevel" "warn" "--cache" ".\\.npm-cache"
9 verbose logfile logs-max:10 dir:C:\Users\BJ\OneDrive\Desktop\TxRacs LLC\.npm-cache\_logs\2026-05-07T16_04_02_562Z-
10 verbose logfile C:\Users\BJ\OneDrive\Desktop\TxRacs LLC\.npm-cache\_logs\2026-05-07T16_04_02_562Z-debug-0.log
11 silly logfile done cleaning log files
12 silly packumentCache heap:2348810240 maxSize:587202560 maxEntrySize:293601280
13 verbose shrinkwrap failed to load node_modules/.package-lock.json out of date, updated: node_modules
14 silly idealTree buildDeps
15 silly fetch manifest @esbuild/aix-ppc64@0.25.12
16 silly packumentCache full:https://registry.npmjs.org/@esbuild%2faix-ppc64 cache-miss
17 http fetch GET 200 https://registry.npmjs.org/@esbuild%2faix-ppc64 2298ms (cache miss)
18 silly packumentCache full:https://registry.npmjs.org/@esbuild%2faix-ppc64 set size:undefined disposed:false
19 silly fetch manifest @esbuild/android-arm@0.25.12
20 silly packumentCache full:https://registry.npmjs.org/@esbuild%2fandroid-arm cache-miss
21 http fetch GET 200 https://registry.npmjs.org/@esbuild%2fandroid-arm 1829ms (cache miss)
22 silly packumentCache full:https://registry.npmjs.org/@esbuild%2fandroid-arm set size:undefined disposed:false
23 silly fetch manifest @esbuild/android-arm64@0.25.12
24 silly packumentCache full:https://registry.npmjs.org/@esbuild%2fandroid-arm64 cache-miss
25 http fetch GET 200 https://registry.npmjs.org/@esbuild%2fandroid-arm64 1618ms (cache miss)
26 silly packumentCache full:https://registry.npmjs.org/@esbuild%2fandroid-arm64 set size:undefined disposed:false
27 silly fetch manifest @esbuild/android-x64@0.25.12
28 silly packumentCache full:https://registry.npmjs.org/@esbuild%2fandroid-x64 cache-miss
29 http fetch GET 200 https://registry.npmjs.org/@esbuild%2fandroid-x64 1461ms (cache miss)
30 silly packumentCache full:https://registry.npmjs.org/@esbuild%2fandroid-x64 set size:undefined disposed:false
31 silly fetch manifest @esbuild/darwin-arm64@0.25.12
32 silly packumentCache full:https://registry.npmjs.org/@esbuild%2fdarwin-arm64 cache-miss
33 http fetch GET 200 https://registry.npmjs.org/@esbuild%2fdarwin-arm64 3985ms (cache miss)
34 silly packumentCache full:https://registry.npmjs.org/@esbuild%2fdarwin-arm64 set size:undefined disposed:false
35 silly fetch manifest @esbuild/darwin-x64@0.25.12
36 silly packumentCache full:https://registry.npmjs.org/@esbuild%2fdarwin-x64 cache-miss
37 http fetch GET 200 https://registry.npmjs.org/@esbuild%2fdarwin-x64 1320ms (cache miss)
38 silly packumentCache full:https://registry.npmjs.org/@esbuild%2fdarwin-x64 set size:undefined disposed:false
39 silly fetch manifest @esbuild/freebsd-arm64@0.25.12
40 silly packumentCache full:https://registry.npmjs.org/@esbuild%2ffreebsd-arm64 cache-miss
41 http fetch GET 200 https://registry.npmjs.org/@esbuild%2ffreebsd-arm64 1832ms (cache miss)
42 silly packumentCache full:https://registry.npmjs.org/@esbuild%2ffreebsd-arm64 set size:undefined disposed:false
43 silly fetch manifest @esbuild/freebsd-x64@0.25.12
44 silly packumentCache full:https://registry.npmjs.org/@esbuild%2ffreebsd-x64 cache-miss
45 http fetch GET 200 https://registry.npmjs.org/@esbuild%2ffreebsd-x64 3132ms (cache miss)
46 silly packumentCache full:https://registry.npmjs.org/@esbuild%2ffreebsd-x64 set size:undefined disposed:false
47 silly fetch manifest @esbuild/linux-arm@0.25.12
48 silly packumentCache full:https://registry.npmjs.org/@esbuild%2flinux-arm cache-miss
49 http fetch GET 200 https://registry.npmjs.org/@esbuild%2flinux-arm 921ms (cache miss)
50 silly packumentCache full:https://registry.npmjs.org/@esbuild%2flinux-arm set size:undefined disposed:false
51 silly fetch manifest @esbuild/linux-arm64@0.25.12
52 silly packumentCache full:https://registry.npmjs.org/@esbuild%2flinux-arm64 cache-miss
53 http fetch GET 200 https://registry.npmjs.org/@esbuild%2flinux-arm64 885ms (cache miss)
54 silly packumentCache full:https://registry.npmjs.org/@esbuild%2flinux-arm64 set size:undefined disposed:false
55 silly fetch manifest @esbuild/linux-ia32@0.25.12
56 silly packumentCache full:https://registry.npmjs.org/@esbuild%2flinux-ia32 cache-miss
57 http fetch GET 200 https://registry.npmjs.org/@esbuild%2flinux-ia32 1037ms (cache miss)
58 silly packumentCache full:https://registry.npmjs.org/@esbuild%2flinux-ia32 set size:undefined disposed:false
59 silly fetch manifest @esbuild/linux-loong64@0.25.12
60 silly packumentCache full:https://registry.npmjs.org/@esbuild%2flinux-loong64 cache-miss
61 http fetch GET 200 https://registry.npmjs.org/@esbuild%2flinux-loong64 1603ms (cache miss)
62 silly packumentCache full:https://registry.npmjs.org/@esbuild%2flinux-loong64 set size:undefined disposed:false
63 silly fetch manifest @esbuild/linux-mips64el@0.25.12
64 silly packumentCache full:https://registry.npmjs.org/@esbuild%2flinux-mips64el cache-miss
65 http fetch GET 200 https://registry.npmjs.org/@esbuild%2flinux-mips64el 3242ms (cache miss)
66 silly packumentCache full:https://registry.npmjs.org/@esbuild%2flinux-mips64el set size:undefined disposed:false
67 silly fetch manifest @esbuild/linux-ppc64@0.25.12
68 silly packumentCache full:https://registry.npmjs.org/@esbuild%2flinux-ppc64 cache-miss
69 http fetch GET 200 https://registry.npmjs.org/@esbuild%2flinux-ppc64 1113ms (cache miss)
70 silly packumentCache full:https://registry.npmjs.org/@esbuild%2flinux-ppc64 set size:undefined disposed:false
71 silly fetch manifest @esbuild/linux-riscv64@0.25.12
72 silly packumentCache full:https://registry.npmjs.org/@esbuild%2flinux-riscv64 cache-miss
73 http fetch GET 200 https://registry.npmjs.org/@esbuild%2flinux-riscv64 1557ms (cache miss)
74 silly packumentCache full:https://registry.npmjs.org/@esbuild%2flinux-riscv64 set size:undefined disposed:false
75 silly fetch manifest @esbuild/linux-s390x@0.25.12
76 silly packumentCache full:https://registry.npmjs.org/@esbuild%2flinux-s390x cache-miss
77 http fetch GET 200 https://registry.npmjs.org/@esbuild%2flinux-s390x 2885ms (cache miss)
78 silly packumentCache full:https://registry.npmjs.org/@esbuild%2flinux-s390x set size:undefined disposed:false
79 silly fetch manifest @esbuild/linux-x64@0.25.12
80 silly packumentCache full:https://registry.npmjs.org/@esbuild%2flinux-x64 cache-miss
81 http fetch GET 200 https://registry.npmjs.org/@esbuild%2flinux-x64 2991ms (cache miss)
82 silly packumentCache full:https://registry.npmjs.org/@esbuild%2flinux-x64 set size:undefined disposed:false
83 silly fetch manifest @esbuild/netbsd-arm64@0.25.12
84 silly packumentCache full:https://registry.npmjs.org/@esbuild%2fnetbsd-arm64 cache-miss
85 http fetch GET 200 https://registry.npmjs.org/@esbuild%2fnetbsd-arm64 541ms (cache miss)
86 silly packumentCache full:https://registry.npmjs.org/@esbuild%2fnetbsd-arm64 set size:undefined disposed:false
87 silly fetch manifest @esbuild/netbsd-x64@0.25.12
88 silly packumentCache full:https://registry.npmjs.org/@esbuild%2fnetbsd-x64 cache-miss
89 http fetch GET 200 https://registry.npmjs.org/@esbuild%2fnetbsd-x64 1020ms (cache miss)
90 silly packumentCache full:https://registry.npmjs.org/@esbuild%2fnetbsd-x64 set size:undefined disposed:false
91 silly fetch manifest @esbuild/openbsd-arm64@0.25.12
92 silly packumentCache full:https://registry.npmjs.org/@esbuild%2fopenbsd-arm64 cache-miss
93 http fetch GET 200 https://registry.npmjs.org/@esbuild%2fopenbsd-arm64 358ms (cache miss)
94 silly packumentCache full:https://registry.npmjs.org/@esbuild%2fopenbsd-arm64 set size:undefined disposed:false
95 silly fetch manifest @esbuild/openbsd-x64@0.25.12
96 silly packumentCache full:https://registry.npmjs.org/@esbuild%2fopenbsd-x64 cache-miss
97 http fetch GET 200 https://registry.npmjs.org/@esbuild%2fopenbsd-x64 2570ms (cache miss)
98 silly packumentCache full:https://registry.npmjs.org/@esbuild%2fopenbsd-x64 set size:undefined disposed:false
99 silly fetch manifest @esbuild/openharmony-arm64@0.25.12
100 silly packumentCache full:https://registry.npmjs.org/@esbuild%2fopenharmony-arm64 cache-miss
101 http fetch GET 200 https://registry.npmjs.org/@esbuild%2fopenharmony-arm64 391ms (cache miss)
102 silly packumentCache full:https://registry.npmjs.org/@esbuild%2fopenharmony-arm64 set size:undefined disposed:false
103 silly fetch manifest @esbuild/sunos-x64@0.25.12
104 silly packumentCache full:https://registry.npmjs.org/@esbuild%2fsunos-x64 cache-miss
105 http fetch GET 200 https://registry.npmjs.org/@esbuild%2fsunos-x64 2052ms (cache miss)
106 silly packumentCache full:https://registry.npmjs.org/@esbuild%2fsunos-x64 set size:undefined disposed:false
107 silly fetch manifest @esbuild/win32-arm64@0.25.12
108 silly packumentCache full:https://registry.npmjs.org/@esbuild%2fwin32-arm64 cache-miss
109 http fetch GET 200 https://registry.npmjs.org/@esbuild%2fwin32-arm64 3166ms (cache miss)
110 silly packumentCache full:https://registry.npmjs.org/@esbuild%2fwin32-arm64 set size:undefined disposed:false
111 silly fetch manifest @esbuild/win32-ia32@0.25.12
112 silly packumentCache full:https://registry.npmjs.org/@esbuild%2fwin32-ia32 cache-miss
113 http fetch GET 200 https://registry.npmjs.org/@esbuild%2fwin32-ia32 1316ms (cache miss)
114 silly packumentCache full:https://registry.npmjs.org/@esbuild%2fwin32-ia32 set size:undefined disposed:false
115 silly fetch manifest @esbuild/win32-x64@0.25.12
116 silly packumentCache full:https://registry.npmjs.org/@esbuild%2fwin32-x64 cache-miss
117 http fetch GET 200 https://registry.npmjs.org/@esbuild%2fwin32-x64 1593ms (cache miss)
118 silly packumentCache full:https://registry.npmjs.org/@esbuild%2fwin32-x64 set size:undefined disposed:false
119 silly placeDep ROOT @esbuild/aix-ppc64@0.25.12 OK for: esbuild@0.25.12 want: 0.25.12
120 silly placeDep ROOT @esbuild/android-arm@0.25.12 OK for: esbuild@0.25.12 want: 0.25.12
121 silly placeDep ROOT @esbuild/android-arm64@0.25.12 OK for: esbuild@0.25.12 want: 0.25.12
122 silly placeDep ROOT @esbuild/android-x64@0.25.12 OK for: esbuild@0.25.12 want: 0.25.12
123 silly placeDep ROOT @esbuild/darwin-arm64@0.25.12 OK for: esbuild@0.25.12 want: 0.25.12
124 silly placeDep ROOT @esbuild/darwin-x64@0.25.12 OK for: esbuild@0.25.12 want: 0.25.12
125 silly placeDep ROOT @esbuild/freebsd-arm64@0.25.12 OK for: esbuild@0.25.12 want: 0.25.12
126 silly placeDep ROOT @esbuild/freebsd-x64@0.25.12 OK for: esbuild@0.25.12 want: 0.25.12
127 silly placeDep ROOT @esbuild/linux-arm@0.25.12 OK for: esbuild@0.25.12 want: 0.25.12
128 silly placeDep ROOT @esbuild/linux-arm64@0.25.12 OK for: esbuild@0.25.12 want: 0.25.12
129 silly placeDep ROOT @esbuild/linux-ia32@0.25.12 OK for: esbuild@0.25.12 want: 0.25.12
130 silly placeDep ROOT @esbuild/linux-loong64@0.25.12 OK for: esbuild@0.25.12 want: 0.25.12
131 silly placeDep ROOT @esbuild/linux-mips64el@0.25.12 OK for: esbuild@0.25.12 want: 0.25.12
132 silly placeDep ROOT @esbuild/linux-ppc64@0.25.12 OK for: esbuild@0.25.12 want: 0.25.12
133 silly placeDep ROOT @esbuild/linux-riscv64@0.25.12 OK for: esbuild@0.25.12 want: 0.25.12
134 silly placeDep ROOT @esbuild/linux-s390x@0.25.12 OK for: esbuild@0.25.12 want: 0.25.12
135 silly placeDep ROOT @esbuild/linux-x64@0.25.12 OK for: esbuild@0.25.12 want: 0.25.12
136 silly placeDep ROOT @esbuild/netbsd-arm64@0.25.12 OK for: esbuild@0.25.12 want: 0.25.12
137 silly placeDep ROOT @esbuild/netbsd-x64@0.25.12 OK for: esbuild@0.25.12 want: 0.25.12
138 silly placeDep ROOT @esbuild/openbsd-arm64@0.25.12 OK for: esbuild@0.25.12 want: 0.25.12
139 silly placeDep ROOT @esbuild/openbsd-x64@0.25.12 OK for: esbuild@0.25.12 want: 0.25.12
140 silly placeDep ROOT @esbuild/openharmony-arm64@0.25.12 OK for: esbuild@0.25.12 want: 0.25.12
141 silly placeDep ROOT @esbuild/sunos-x64@0.25.12 OK for: esbuild@0.25.12 want: 0.25.12
142 silly placeDep ROOT @esbuild/win32-arm64@0.25.12 OK for: esbuild@0.25.12 want: 0.25.12
143 silly placeDep ROOT @esbuild/win32-ia32@0.25.12 OK for: esbuild@0.25.12 want: 0.25.12
144 silly placeDep node_modules/esbuild @esbuild/win32-x64@0.25.12 OK for: esbuild@0.25.12 want: 0.25.12
145 silly fetch manifest @rollup/rollup-android-arm-eabi@4.60.3
146 silly packumentCache full:https://registry.npmjs.org/@rollup%2frollup-android-arm-eabi cache-miss
147 http fetch GET 200 https://registry.npmjs.org/@rollup%2frollup-android-arm-eabi 1330ms (cache miss)
148 silly packumentCache full:https://registry.npmjs.org/@rollup%2frollup-android-arm-eabi set size:undefined disposed:false
149 silly fetch manifest @rollup/rollup-android-arm64@4.60.3
150 silly packumentCache full:https://registry.npmjs.org/@rollup%2frollup-android-arm64 cache-miss
151 http fetch GET 200 https://registry.npmjs.org/@rollup%2frollup-android-arm64 1141ms (cache miss)
152 silly packumentCache full:https://registry.npmjs.org/@rollup%2frollup-android-arm64 set size:undefined disposed:false
153 silly fetch manifest @rollup/rollup-darwin-arm64@4.60.3
154 silly packumentCache full:https://registry.npmjs.org/@rollup%2frollup-darwin-arm64 cache-miss
155 http fetch GET 200 https://registry.npmjs.org/@rollup%2frollup-darwin-arm64 1552ms (cache miss)
156 silly packumentCache full:https://registry.npmjs.org/@rollup%2frollup-darwin-arm64 set size:undefined disposed:false
157 silly fetch manifest @rollup/rollup-darwin-x64@4.60.3
158 silly packumentCache full:https://registry.npmjs.org/@rollup%2frollup-darwin-x64 cache-miss
159 http fetch GET 200 https://registry.npmjs.org/@rollup%2frollup-darwin-x64 1285ms (cache miss)
160 silly packumentCache full:https://registry.npmjs.org/@rollup%2frollup-darwin-x64 set size:undefined disposed:false
161 silly fetch manifest @rollup/rollup-freebsd-arm64@4.60.3
162 silly packumentCache full:https://registry.npmjs.org/@rollup%2frollup-freebsd-arm64 cache-miss
163 http fetch GET 200 https://registry.npmjs.org/@rollup%2frollup-freebsd-arm64 573ms (cache miss)
164 silly packumentCache full:https://registry.npmjs.org/@rollup%2frollup-freebsd-arm64 set size:undefined disposed:false
165 silly fetch manifest @rollup/rollup-freebsd-x64@4.60.3
166 silly packumentCache full:https://registry.npmjs.org/@rollup%2frollup-freebsd-x64 cache-miss
167 http fetch GET 200 https://registry.npmjs.org/@rollup%2frollup-freebsd-x64 724ms (cache miss)
168 silly packumentCache full:https://registry.npmjs.org/@rollup%2frollup-freebsd-x64 set size:undefined disposed:false
169 silly fetch manifest @rollup/rollup-linux-arm-gnueabihf@4.60.3
170 silly packumentCache full:https://registry.npmjs.org/@rollup%2frollup-linux-arm-gnueabihf cache-miss
171 http fetch GET 200 https://registry.npmjs.org/@rollup%2frollup-linux-arm-gnueabihf 1135ms (cache miss)
172 silly packumentCache full:https://registry.npmjs.org/@rollup%2frollup-linux-arm-gnueabihf set size:undefined disposed:false
173 silly fetch manifest @rollup/rollup-linux-arm-musleabihf@4.60.3
174 silly packumentCache full:https://registry.npmjs.org/@rollup%2frollup-linux-arm-musleabihf cache-miss
175 http fetch GET 200 https://registry.npmjs.org/@rollup%2frollup-linux-arm-musleabihf 751ms (cache miss)
176 silly packumentCache full:https://registry.npmjs.org/@rollup%2frollup-linux-arm-musleabihf set size:undefined disposed:false
177 silly fetch manifest @rollup/rollup-linux-arm64-gnu@4.60.3
178 silly packumentCache full:https://registry.npmjs.org/@rollup%2frollup-linux-arm64-gnu cache-miss
179 http fetch GET 200 https://registry.npmjs.org/@rollup%2frollup-linux-arm64-gnu 889ms (cache miss)
180 silly packumentCache full:https://registry.npmjs.org/@rollup%2frollup-linux-arm64-gnu set size:undefined disposed:false
181 silly fetch manifest @rollup/rollup-linux-arm64-musl@4.60.3
182 silly packumentCache full:https://registry.npmjs.org/@rollup%2frollup-linux-arm64-musl cache-miss
183 http fetch GET 200 https://registry.npmjs.org/@rollup%2frollup-linux-arm64-musl 1136ms (cache miss)
184 silly packumentCache full:https://registry.npmjs.org/@rollup%2frollup-linux-arm64-musl set size:undefined disposed:false
185 silly fetch manifest @rollup/rollup-linux-loong64-gnu@4.60.3
186 silly packumentCache full:https://registry.npmjs.org/@rollup%2frollup-linux-loong64-gnu cache-miss
187 http fetch GET 200 https://registry.npmjs.org/@rollup%2frollup-linux-loong64-gnu 402ms (cache miss)
188 silly packumentCache full:https://registry.npmjs.org/@rollup%2frollup-linux-loong64-gnu set size:undefined disposed:false
189 silly fetch manifest @rollup/rollup-linux-loong64-musl@4.60.3
190 silly packumentCache full:https://registry.npmjs.org/@rollup%2frollup-linux-loong64-musl cache-miss
191 http fetch GET 200 https://registry.npmjs.org/@rollup%2frollup-linux-loong64-musl 298ms (cache miss)
192 silly packumentCache full:https://registry.npmjs.org/@rollup%2frollup-linux-loong64-musl set size:undefined disposed:false
193 silly fetch manifest @rollup/rollup-linux-ppc64-gnu@4.60.3
194 silly packumentCache full:https://registry.npmjs.org/@rollup%2frollup-linux-ppc64-gnu cache-miss
195 http fetch GET 200 https://registry.npmjs.org/@rollup%2frollup-linux-ppc64-gnu 426ms (cache miss)
196 silly packumentCache full:https://registry.npmjs.org/@rollup%2frollup-linux-ppc64-gnu set size:undefined disposed:false
197 silly fetch manifest @rollup/rollup-linux-ppc64-musl@4.60.3
198 silly packumentCache full:https://registry.npmjs.org/@rollup%2frollup-linux-ppc64-musl cache-miss
199 http fetch GET 200 https://registry.npmjs.org/@rollup%2frollup-linux-ppc64-musl 363ms (cache miss)
200 silly packumentCache full:https://registry.npmjs.org/@rollup%2frollup-linux-ppc64-musl set size:undefined disposed:false
201 silly fetch manifest @rollup/rollup-linux-riscv64-gnu@4.60.3
202 silly packumentCache full:https://registry.npmjs.org/@rollup%2frollup-linux-riscv64-gnu cache-miss
203 http fetch GET 200 https://registry.npmjs.org/@rollup%2frollup-linux-riscv64-gnu 952ms (cache miss)
204 silly packumentCache full:https://registry.npmjs.org/@rollup%2frollup-linux-riscv64-gnu set size:undefined disposed:false
205 silly fetch manifest @rollup/rollup-linux-riscv64-musl@4.60.3
206 silly packumentCache full:https://registry.npmjs.org/@rollup%2frollup-linux-riscv64-musl cache-miss
207 http fetch GET 200 https://registry.npmjs.org/@rollup%2frollup-linux-riscv64-musl 507ms (cache miss)
208 silly packumentCache full:https://registry.npmjs.org/@rollup%2frollup-linux-riscv64-musl set size:undefined disposed:false
209 silly fetch manifest @rollup/rollup-linux-s390x-gnu@4.60.3
210 silly packumentCache full:https://registry.npmjs.org/@rollup%2frollup-linux-s390x-gnu cache-miss
211 http fetch GET 200 https://registry.npmjs.org/@rollup%2frollup-linux-s390x-gnu 831ms (cache miss)
212 silly packumentCache full:https://registry.npmjs.org/@rollup%2frollup-linux-s390x-gnu set size:undefined disposed:false
213 silly fetch manifest @rollup/rollup-linux-x64-gnu@4.60.3
214 silly packumentCache full:https://registry.npmjs.org/@rollup%2frollup-linux-x64-gnu cache-miss
215 http fetch GET 200 https://registry.npmjs.org/@rollup%2frollup-linux-x64-gnu 942ms (cache miss)
216 silly packumentCache full:https://registry.npmjs.org/@rollup%2frollup-linux-x64-gnu set size:undefined disposed:false
217 silly fetch manifest @rollup/rollup-linux-x64-musl@4.60.3
218 silly packumentCache full:https://registry.npmjs.org/@rollup%2frollup-linux-x64-musl cache-miss
219 http fetch GET 200 https://registry.npmjs.org/@rollup%2frollup-linux-x64-musl 932ms (cache miss)
220 silly packumentCache full:https://registry.npmjs.org/@rollup%2frollup-linux-x64-musl set size:undefined disposed:false
221 silly fetch manifest @rollup/rollup-openbsd-x64@4.60.3
222 silly packumentCache full:https://registry.npmjs.org/@rollup%2frollup-openbsd-x64 cache-miss
223 http fetch GET 200 https://registry.npmjs.org/@rollup%2frollup-openbsd-x64 340ms (cache miss)
224 silly packumentCache full:https://registry.npmjs.org/@rollup%2frollup-openbsd-x64 set size:undefined disposed:false
225 silly fetch manifest @rollup/rollup-openharmony-arm64@4.60.3
226 silly packumentCache full:https://registry.npmjs.org/@rollup%2frollup-openharmony-arm64 cache-miss
227 http fetch GET 200 https://registry.npmjs.org/@rollup%2frollup-openharmony-arm64 382ms (cache miss)
228 silly packumentCache full:https://registry.npmjs.org/@rollup%2frollup-openharmony-arm64 set size:undefined disposed:false
229 silly fetch manifest @rollup/rollup-win32-arm64-msvc@4.60.3
230 silly packumentCache full:https://registry.npmjs.org/@rollup%2frollup-win32-arm64-msvc cache-miss
231 http fetch GET 200 https://registry.npmjs.org/@rollup%2frollup-win32-arm64-msvc 1121ms (cache miss)
232 silly packumentCache full:https://registry.npmjs.org/@rollup%2frollup-win32-arm64-msvc set size:undefined disposed:false
233 silly fetch manifest @rollup/rollup-win32-ia32-msvc@4.60.3
234 silly packumentCache full:https://registry.npmjs.org/@rollup%2frollup-win32-ia32-msvc cache-miss
235 http fetch GET 200 https://registry.npmjs.org/@rollup%2frollup-win32-ia32-msvc 928ms (cache miss)
236 silly packumentCache full:https://registry.npmjs.org/@rollup%2frollup-win32-ia32-msvc set size:undefined disposed:false
237 silly placeDep ROOT @rollup/rollup-android-arm-eabi@4.60.3 OK for: rollup@4.60.3 want: 4.60.3
238 silly placeDep ROOT @rollup/rollup-android-arm64@4.60.3 OK for: rollup@4.60.3 want: 4.60.3
239 silly placeDep ROOT @rollup/rollup-darwin-arm64@4.60.3 OK for: rollup@4.60.3 want: 4.60.3
240 silly placeDep ROOT @rollup/rollup-darwin-x64@4.60.3 OK for: rollup@4.60.3 want: 4.60.3
241 silly placeDep ROOT @rollup/rollup-freebsd-arm64@4.60.3 OK for: rollup@4.60.3 want: 4.60.3
242 silly placeDep ROOT @rollup/rollup-freebsd-x64@4.60.3 OK for: rollup@4.60.3 want: 4.60.3
243 silly placeDep ROOT @rollup/rollup-linux-arm-gnueabihf@4.60.3 OK for: rollup@4.60.3 want: 4.60.3
244 silly placeDep ROOT @rollup/rollup-linux-arm-musleabihf@4.60.3 OK for: rollup@4.60.3 want: 4.60.3
245 silly placeDep ROOT @rollup/rollup-linux-arm64-gnu@4.60.3 OK for: rollup@4.60.3 want: 4.60.3
246 silly placeDep ROOT @rollup/rollup-linux-arm64-musl@4.60.3 OK for: rollup@4.60.3 want: 4.60.3
247 silly placeDep ROOT @rollup/rollup-linux-loong64-gnu@4.60.3 OK for: rollup@4.60.3 want: 4.60.3
248 silly placeDep ROOT @rollup/rollup-linux-loong64-musl@4.60.3 OK for: rollup@4.60.3 want: 4.60.3
249 silly placeDep ROOT @rollup/rollup-linux-ppc64-gnu@4.60.3 OK for: rollup@4.60.3 want: 4.60.3
250 silly placeDep ROOT @rollup/rollup-linux-ppc64-musl@4.60.3 OK for: rollup@4.60.3 want: 4.60.3
251 silly placeDep ROOT @rollup/rollup-linux-riscv64-gnu@4.60.3 OK for: rollup@4.60.3 want: 4.60.3
252 silly placeDep ROOT @rollup/rollup-linux-riscv64-musl@4.60.3 OK for: rollup@4.60.3 want: 4.60.3
253 silly placeDep ROOT @rollup/rollup-linux-s390x-gnu@4.60.3 OK for: rollup@4.60.3 want: 4.60.3
254 silly placeDep ROOT @rollup/rollup-linux-x64-gnu@4.60.3 OK for: rollup@4.60.3 want: 4.60.3
255 silly placeDep ROOT @rollup/rollup-linux-x64-musl@4.60.3 OK for: rollup@4.60.3 want: 4.60.3
256 silly placeDep ROOT @rollup/rollup-openbsd-x64@4.60.3 OK for: rollup@4.60.3 want: 4.60.3
257 silly placeDep ROOT @rollup/rollup-openharmony-arm64@4.60.3 OK for: rollup@4.60.3 want: 4.60.3
258 silly placeDep ROOT @rollup/rollup-win32-arm64-msvc@4.60.3 OK for: rollup@4.60.3 want: 4.60.3
259 silly placeDep ROOT @rollup/rollup-win32-ia32-msvc@4.60.3 OK for: rollup@4.60.3 want: 4.60.3
260 silly reify mark retired [
260 silly reify   'C:\\Users\\BJ\\OneDrive\\Desktop\\TxRacs LLC\\node_modules\\@esbuild\\win32-x64'
260 silly reify ]
261 silly reify moves {
261 silly reify   'C:\\Users\\BJ\\OneDrive\\Desktop\\TxRacs LLC\\node_modules\\@esbuild\\win32-x64': 'C:\\Users\\BJ\\OneDrive\\Desktop\\TxRacs LLC\\node_modules\\@esbuild\\.win32-x64-qg6WLsMy'
261 silly reify }
262 http cache @esbuild/win32-x64@https://registry.npmjs.org/@esbuild/win32-x64/-/win32-x64-0.25.12.tgz 1ms (cache hit)
263 silly tarball no local data for @esbuild/win32-x64@https://registry.npmjs.org/@esbuild/win32-x64/-/win32-x64-0.25.12.tgz. Extracting by manifest.
264 http fetch GET 200 https://registry.npmjs.org/@esbuild/win32-x64/-/win32-x64-0.25.12.tgz 158203ms (cache miss)
265 silly REMOVE node_modules/@esbuild/win32-x64
266 silly ADD node_modules/esbuild/node_modules/@esbuild/win32-x64
267 verbose cwd C:\Users\BJ\OneDrive\Desktop\TxRacs LLC
268 verbose os Windows_NT 10.0.19045
269 verbose node v24.14.0
270 verbose npm  v11.9.0
271 verbose exit 0
272 info ok
