0 verbose cli C:\Program Files\nodejs\node.exe C:\Program Files\nodejs\node_modules\npm\bin\npm-cli.js
1 info using npm@11.9.0
2 info using node@v24.14.0
3 silly config load:file:C:\Program Files\nodejs\node_modules\npm\npmrc
4 silly config load:file:C:\Users\BJ\OneDrive\Desktop\TxRacs LLC\.npmrc
5 silly config load:file:C:\Users\BJ\.npmrc
6 silly config load:file:C:\Users\BJ\AppData\Roaming\npm\etc\npmrc
7 verbose title npm install @supabase/supabase-js
8 verbose argv "install" "@supabase/supabase-js" "--no-audit" "--no-fund" "--loglevel" "warn" "--cache" ".\\.npm-cache"
9 verbose logfile logs-max:10 dir:C:\Users\BJ\OneDrive\Desktop\TxRacs LLC\.npm-cache\_logs\2026-05-09T11_26_37_634Z-
10 verbose logfile C:\Users\BJ\OneDrive\Desktop\TxRacs LLC\.npm-cache\_logs\2026-05-09T11_26_37_634Z-debug-0.log
11 silly logfile done cleaning log files
12 silly packumentCache heap:2348810240 maxSize:587202560 maxEntrySize:293601280
13 verbose shrinkwrap failed to load node_modules/.package-lock.json out of date, updated: node_modules
14 silly idealTree buildDeps
15 silly fetch manifest @supabase/supabase-js@*
16 silly packumentCache full:https://registry.npmjs.org/@supabase%2fsupabase-js cache-miss
17 http fetch GET 200 https://registry.npmjs.org/npm 5390ms
18 http fetch GET 200 https://registry.npmjs.org/@supabase%2fsupabase-js 10946ms (cache miss)
19 silly packumentCache full:https://registry.npmjs.org/@supabase%2fsupabase-js set size:undefined disposed:false
20 silly placeDep ROOT @supabase/supabase-js@2.105.4 OK for: txracs-llc-website@1.0.0 want: *
21 silly fetch manifest @supabase/auth-js@2.105.4
22 silly packumentCache full:https://registry.npmjs.org/@supabase%2fauth-js cache-miss
23 silly fetch manifest @supabase/functions-js@2.105.4
24 silly packumentCache full:https://registry.npmjs.org/@supabase%2ffunctions-js cache-miss
25 silly fetch manifest @supabase/postgrest-js@2.105.4
26 silly packumentCache full:https://registry.npmjs.org/@supabase%2fpostgrest-js cache-miss
27 http fetch GET 200 https://registry.npmjs.org/@supabase%2ffunctions-js 634ms (cache miss)
28 silly packumentCache full:https://registry.npmjs.org/@supabase%2ffunctions-js set size:undefined disposed:false
29 silly fetch manifest @supabase/realtime-js@2.105.4
30 silly packumentCache full:https://registry.npmjs.org/@supabase%2frealtime-js cache-miss
31 http fetch GET 200 https://registry.npmjs.org/@supabase%2fauth-js 810ms (cache miss)
32 silly packumentCache full:https://registry.npmjs.org/@supabase%2fauth-js set size:undefined disposed:false
33 silly fetch manifest @supabase/storage-js@2.105.4
34 silly packumentCache full:https://registry.npmjs.org/@supabase%2fstorage-js cache-miss
35 http fetch GET 200 https://registry.npmjs.org/@supabase%2fpostgrest-js 1438ms (cache miss)
36 silly packumentCache full:https://registry.npmjs.org/@supabase%2fpostgrest-js set size:undefined disposed:false
37 http fetch GET 200 https://registry.npmjs.org/@supabase%2frealtime-js 1023ms (cache miss)
38 silly packumentCache full:https://registry.npmjs.org/@supabase%2frealtime-js set size:undefined disposed:false
39 http fetch GET 200 https://registry.npmjs.org/@supabase%2fstorage-js 1168ms (cache miss)
40 silly packumentCache full:https://registry.npmjs.org/@supabase%2fstorage-js set size:undefined disposed:false
41 silly placeDep ROOT @supabase/auth-js@2.105.4 OK for: @supabase/supabase-js@2.105.4 want: 2.105.4
42 silly placeDep ROOT @supabase/functions-js@2.105.4 OK for: @supabase/supabase-js@2.105.4 want: 2.105.4
43 silly placeDep ROOT @supabase/postgrest-js@2.105.4 OK for: @supabase/supabase-js@2.105.4 want: 2.105.4
44 silly placeDep ROOT @supabase/realtime-js@2.105.4 OK for: @supabase/supabase-js@2.105.4 want: 2.105.4
45 silly placeDep ROOT @supabase/storage-js@2.105.4 OK for: @supabase/supabase-js@2.105.4 want: 2.105.4
46 silly fetch manifest @supabase/phoenix@^0.4.2
47 silly packumentCache full:https://registry.npmjs.org/@supabase%2fphoenix cache-miss
48 silly fetch manifest iceberg-js@^0.8.1
49 silly packumentCache full:https://registry.npmjs.org/iceberg-js cache-miss
50 http fetch GET 200 https://registry.npmjs.org/@supabase%2fphoenix 539ms (cache miss)
51 silly packumentCache full:https://registry.npmjs.org/@supabase%2fphoenix set size:undefined disposed:false
52 http fetch GET 200 https://registry.npmjs.org/iceberg-js 1560ms (cache miss)
53 silly packumentCache full:https://registry.npmjs.org/iceberg-js set size:undefined disposed:false
54 silly placeDep ROOT @supabase/phoenix@0.4.2 OK for: @supabase/realtime-js@2.105.4 want: ^0.4.2
55 silly placeDep ROOT iceberg-js@0.8.1 OK for: @supabase/storage-js@2.105.4 want: ^0.8.1
56 silly reify moves {}
57 http cache iceberg-js@https://registry.npmjs.org/iceberg-js/-/iceberg-js-0.8.1.tgz 1ms (cache hit)
58 http cache @supabase/phoenix@https://registry.npmjs.org/@supabase/phoenix/-/phoenix-0.4.2.tgz 0ms (cache hit)
59 http cache @supabase/storage-js@https://registry.npmjs.org/@supabase/storage-js/-/storage-js-2.105.4.tgz 0ms (cache hit)
60 http cache @supabase/realtime-js@https://registry.npmjs.org/@supabase/realtime-js/-/realtime-js-2.105.4.tgz 0ms (cache hit)
61 http cache @supabase/postgrest-js@https://registry.npmjs.org/@supabase/postgrest-js/-/postgrest-js-2.105.4.tgz 1ms (cache hit)
62 http cache @supabase/functions-js@https://registry.npmjs.org/@supabase/functions-js/-/functions-js-2.105.4.tgz 0ms (cache hit)
63 http cache @supabase/auth-js@https://registry.npmjs.org/@supabase/auth-js/-/auth-js-2.105.4.tgz 0ms (cache hit)
64 silly tarball no local data for iceberg-js@https://registry.npmjs.org/iceberg-js/-/iceberg-js-0.8.1.tgz. Extracting by manifest.
65 silly tarball no local data for @supabase/phoenix@https://registry.npmjs.org/@supabase/phoenix/-/phoenix-0.4.2.tgz. Extracting by manifest.
66 silly tarball no local data for @supabase/storage-js@https://registry.npmjs.org/@supabase/storage-js/-/storage-js-2.105.4.tgz. Extracting by manifest.
67 http cache @supabase/supabase-js@https://registry.npmjs.org/@supabase/supabase-js/-/supabase-js-2.105.4.tgz 0ms (cache hit)
68 silly tarball no local data for @supabase/realtime-js@https://registry.npmjs.org/@supabase/realtime-js/-/realtime-js-2.105.4.tgz. Extracting by manifest.
69 silly tarball no local data for @supabase/postgrest-js@https://registry.npmjs.org/@supabase/postgrest-js/-/postgrest-js-2.105.4.tgz. Extracting by manifest.
70 silly tarball no local data for @supabase/functions-js@https://registry.npmjs.org/@supabase/functions-js/-/functions-js-2.105.4.tgz. Extracting by manifest.
71 silly tarball no local data for @supabase/auth-js@https://registry.npmjs.org/@supabase/auth-js/-/auth-js-2.105.4.tgz. Extracting by manifest.
72 silly tarball no local data for @supabase/supabase-js@https://registry.npmjs.org/@supabase/supabase-js/-/supabase-js-2.105.4.tgz. Extracting by manifest.
73 http fetch GET 200 https://registry.npmjs.org/iceberg-js/-/iceberg-js-0.8.1.tgz 809ms (cache miss)
74 http fetch GET 200 https://registry.npmjs.org/@supabase/supabase-js/-/supabase-js-2.105.4.tgz 3173ms (cache miss)
75 http fetch GET 200 https://registry.npmjs.org/@supabase/storage-js/-/storage-js-2.105.4.tgz 3231ms (cache miss)
76 http fetch GET 200 https://registry.npmjs.org/@supabase/phoenix/-/phoenix-0.4.2.tgz 3409ms (cache miss)
77 http fetch GET 200 https://registry.npmjs.org/@supabase/functions-js/-/functions-js-2.105.4.tgz 4150ms (cache miss)
78 http fetch GET 200 https://registry.npmjs.org/@supabase/postgrest-js/-/postgrest-js-2.105.4.tgz 4201ms (cache miss)
79 http fetch GET 200 https://registry.npmjs.org/@supabase/realtime-js/-/realtime-js-2.105.4.tgz 23206ms (cache miss)
80 http fetch GET 200 https://registry.npmjs.org/@supabase/auth-js/-/auth-js-2.105.4.tgz 52052ms (cache miss)
81 silly ADD node_modules/iceberg-js
82 silly ADD node_modules/@supabase/phoenix
83 silly ADD node_modules/@supabase/storage-js
84 silly ADD node_modules/@supabase/realtime-js
85 silly ADD node_modules/@supabase/postgrest-js
86 silly ADD node_modules/@supabase/functions-js
87 silly ADD node_modules/@supabase/auth-js
88 silly ADD node_modules/@supabase/supabase-js
89 verbose cwd C:\Users\BJ\OneDrive\Desktop\TxRacs LLC
90 verbose os Windows_NT 10.0.19045
91 verbose node v24.14.0
92 verbose npm  v11.9.0
93 notice
93 notice New minor version of npm available! 11.9.0 -> 11.14.1
93 notice Changelog: https://github.com/npm/cli/releases/tag/v11.14.1
93 notice To update run: npm install -g npm@11.14.1
93 notice  { force: true, Symbol(proc-log.meta): true }
94 verbose exit 0
95 info ok
